This is pdfTeX, Version 3.141592653-2.6-1.40.24 (TeX Live 2022) (preloaded format=pdflatex 2023.2.2)  7 APR 2025 11:14
entering extended mode
 restricted \write18 enabled.
 %&-line parsing enabled.
**TP-title.tex
(./TP-title.tex
LaTeX2e <2022-11-01> patch level 1
L3 programming layer <2023-01-24>

! LaTeX Error: Environment titlepage undefined.

See the LaTeX manual or LaTeX Companion for explanation.
Type  H <return>  for immediate help.
 ...                                              
                                                  
l.3 \begin{titlepage}
                     
Your command was ignored.
Type  I <command> <return>  to replace it with another command,
or  <return>  to continue without it.


! LaTeX Error: Missing \begin{document}.

See the LaTeX manual or LaTeX Companion for explanation.
Type  H <return>  for immediate help.
 ...                                              
                                                  
l.7 \center
            % Center everything on the page
You're in trouble here.  Try typing  <return>  to proceed.
If that doesn't work, type  X <return>  to quit.


Overfull \hbox (20.0pt too wide) in paragraph at lines 7--7
[] 
 []

! Undefined control sequence.
<recently read> \LARGE 
                       
l.8 \textsc{\LARGE Travail Pratique}
                                    \\[1.0cm]
The control sequence at the end of the top line
of your error message was never \def'ed. If you have
misspelled it (e.g., `\hobx'), type `I' and the correct
spelling (e.g., `I\hbox'). Otherwise just continue,
and I'll forget about whatever was undefined.


Overfull \hbox (38.66092pt too wide) in paragraph at lines 8--8
 \OT1/cmr/m/sc/10 Travail 
 []


Overfull \hbox (23.34984pt too wide) in paragraph at lines 8--8
 \OT1/cmr/m/sc/10 Pra- 
 []


Overfull \hbox (26.99986pt too wide) in paragraph at lines 8--8
 \OT1/cmr/m/sc/10 tique 
 []

! Undefined control sequence.
<recently read> \Large 
                       
l.9 \textsc{\Large Gestion du risque financier II}
                                                  \\[0.2cm]
The control sequence at the end of the top line
of your error message was never \def'ed. If you have
misspelled it (e.g., `\hobx'), type `I' and the correct
spelling (e.g., `I\hbox'). Otherwise just continue,
and I'll forget about whatever was undefined.


Overfull \hbox (40.09143pt too wide) in paragraph at lines 9--9
 []\OT1/cmr/m/sc/10 Gestion 
 []


Overfull \hbox (12.37775pt too wide) in paragraph at lines 9--9
 \OT1/cmr/m/sc/10 du 
 []


Overfull \hbox (31.68875pt too wide) in paragraph at lines 9--9
 \OT1/cmr/m/sc/10 risque 
 []


Overfull \hbox (12.15549pt too wide) in paragraph at lines 9--9
 \OT1/cmr/m/sc/10 fi- 
 []


Overfull \hbox (38.93317pt too wide) in paragraph at lines 9--9
 \OT1/cmr/m/sc/10 nancier 
 []


Overfull \hbox (8.40266pt too wide) in paragraph at lines 9--9
 \OT1/cmr/m/sc/10 II 
 []

! Undefined control sequence.
<recently read> \large 
                       
l.10 \textsc{\large ACT-2011}
                             \\[0.7cm]
The control sequence at the end of the top line
of your error message was never \def'ed. If you have
misspelled it (e.g., `\hobx'), type `I' and the correct
spelling (e.g., `I\hbox'). Otherwise just continue,
and I'll forget about whatever was undefined.


Overfull \hbox (27.34695pt too wide) in paragraph at lines 10--10
 []\OT1/cmr/m/sc/10 ACT- 
 []


Overfull \hbox (22.1109pt too wide) in paragraph at lines 10--10
 \OT1/cmr/m/sc/10 2011 
 []

! Undefined control sequence.
<recently read> \large 
                       
l.11 \textsc{\large Équipe 9}
                              \\[0.7cm]
The control sequence at the end of the top line
of your error message was never \def'ed. If you have
misspelled it (e.g., `\hobx'), type `I' and the correct
spelling (e.g., `I\hbox'). Otherwise just continue,
and I'll forget about whatever was undefined.


Overfull \hbox (34.08311pt too wide) in paragraph at lines 11--11
 [][]\OT1/cmr/m/sc/10 Equipe 
 []


Overfull \hbox (5.52773pt too wide) in paragraph at lines 11--11
 \OT1/cmr/m/sc/10 9 
 []

! Undefined control sequence.
l.14 { \Large
              \bfseries Rapport}\\[0.20cm] { \huge \bfseries Travail pratiqu...
The control sequence at the end of the top line
of your error message was never \def'ed. If you have
misspelled it (e.g., `\hobx'), type `I' and the correct
spelling (e.g., `I\hbox'). Otherwise just continue,
and I'll forget about whatever was undefined.


Overfull \hbox (42.2706pt too wide) in paragraph at lines 14--14
 []\OT1/cmr/bx/n/10 Rapport 
 []

! Undefined control sequence.
l.14 { \Large \bfseries Rapport}\\[0.20cm] { \huge
                                                   \bfseries Travail pratiqu...
The control sequence at the end of the top line
of your error message was never \def'ed. If you have
misspelled it (e.g., `\hobx'), type `I' and the correct
spelling (e.g., `I\hbox'). Otherwise just continue,
and I'll forget about whatever was undefined.


Overfull \hbox (34.45811pt too wide) in paragraph at lines 14--14
 []\OT1/cmr/bx/n/10 Travail 
 []


Overfull \hbox (20.5485pt too wide) in paragraph at lines 14--14
 \OT1/cmr/bx/n/10 pra- 
 []


Overfull \hbox (25.3957pt too wide) in paragraph at lines 14--14
 \OT1/cmr/bx/n/10 tique 
 []

! Undefined control sequence.
l.19     \begin{flushleft} \large
                                 
The control sequence at the end of the top line
of your error message was never \def'ed. If you have
misspelled it (e.g., `\hobx'), type `I' and the correct
spelling (e.g., `I\hbox'). Otherwise just continue,
and I'll forget about whatever was undefined.

Missing character: There is no L in font nullfont!
Missing character: There is no o in font nullfont!
Missing character: There is no r in font nullfont!
LaTeX Font Info:    Trying to load font information for +cmr on input line 21.
LaTeX Font Info:    No file cmr.fd. on input line 21.

LaTeX Font Warning: Font shape `/cmr/m/n' undefined
(Font)              using `/cmr/m/n' instead on input line 21.

! Corrupted NFSS tables.
wrong@fontshape ...message {Corrupted NFSS tables}
                                                  error@fontshape else let f...
l.21         Loré
                  lie Gélinas \textsc{}\\
This error message was generated by an \errmessage
command, so I can't give any explicit help.
Pretend that you're Hercule Poirot: Examine all clues,
and deduce the truth by order and method.


LaTeX Font Warning: Font shape `/cmr/m/n' undefined
(Font)              using `OT1/cmr/m/n' instead on input line 21.

Missing character: There is no l in font nullfont!
Missing character: There is no i in font nullfont!
Missing character: There is no e in font nullfont!
Missing character: There is no G in font nullfont!
Missing character: There is no l in font nullfont!
Missing character: There is no i in font nullfont!
Missing character: There is no n in font nullfont!
Missing character: There is no a in font nullfont!
Missing character: There is no s in font nullfont!
Missing character: There is no C in font nullfont!
Missing character: There is no h in font nullfont!
Missing character: There is no a in font nullfont!
Missing character: There is no r in font nullfont!
Missing character: There is no l in font nullfont!
Missing character: There is no i in font nullfont!
Missing character: There is no a in font nullfont!
Missing character: There is no n in font nullfont!
Missing character: There is no e in font nullfont!
Missing character: There is no L in font nullfont!
Missing character: There is no a in font nullfont!
Missing character: There is no r in font nullfont!
Missing character: There is no o in font nullfont!
Missing character: There is no s in font nullfont!
Missing character: There is no e in font nullfont!
Missing character: There is no m in font nullfont!
Missing character: There is no i in font nullfont!
Missing character: There is no e in font nullfont!
Missing character: There is no L in font nullfont!
Missing character: There is no e in font nullfont!
Missing character: There is no c in font nullfont!
Missing character: There is no l in font nullfont!
Missing character: There is no e in font nullfont!
Missing character: There is no r in font nullfont!
Missing character: There is no c in font nullfont!
LaTeX Font Info:    External font `cmex10' loaded for size
(Font)              <7> on input line 25.
LaTeX Font Info:    External font `cmex10' loaded for size
(Font)              <5> on input line 25.
! Undefined control sequence.
l.27     \begin{flushright} \large
                                  
The control sequence at the end of the top line
of your error message was never \def'ed. If you have
misspelled it (e.g., `\hobx'), type `I' and the correct
spelling (e.g., `I\hbox'). Otherwise just continue,
and I'll forget about whatever was undefined.

Missing character: There is no 5 in font nullfont!
Missing character: There is no 3 in font nullfont!
Missing character: There is no 7 in font nullfont!
Missing character: There is no 0 in font nullfont!
Missing character: There is no 0 in font nullfont!
Missing character: There is no 5 in font nullfont!
Missing character: There is no 8 in font nullfont!
Missing character: There is no 7 in font nullfont!
Missing character: There is no 1 in font nullfont!
Missing character: There is no X in font nullfont!
Missing character: There is no X in font nullfont!
Missing character: There is no X in font nullfont!
Missing character: There is no X in font nullfont!
Missing character: There is no X in font nullfont!
Missing character: There is no X in font nullfont!
Missing character: There is no X in font nullfont!
Missing character: There is no X in font nullfont!
Missing character: There is no X in font nullfont!
Missing character: There is no X in font nullfont!
Missing character: There is no X in font nullfont!
Missing character: There is no X in font nullfont!
Missing character: There is no X in font nullfont!
Missing character: There is no X in font nullfont!
Missing character: There is no X in font nullfont!
Missing character: There is no X in font nullfont!
Missing character: There is no X in font nullfont!
Missing character: There is no X in font nullfont!

Overfull \hbox (6553.49997pt too wide) in paragraph at lines 18--33
 []$[]$$[]$ 
 []


Overfull \hbox (30.53867pt too wide) in paragraph at lines 35--35
 []\OT1/cmr/m/it/10 Travail 
 []


Overfull \hbox (36.16084pt too wide) in paragraph at lines 35--35
 \OT1/cmr/m/it/10 pr^^Sesent^^Se 
 []


Overfull \hbox (5.87822pt too wide) in paragraph at lines 35--35
 \OT1/cmr/m/it/10 ^^Ra 
 []


Overfull \hbox (42.115pt too wide) in paragraph at lines 36--36
 []\OT1/cmr/m/it/10 Monsieur 
 []

! Undefined control sequence.
<recently read> \Large 
                       
l.37 \textsc{\Large Thai \textsc{Nguyen}}
                                         \\[1.0cm]
The control sequence at the end of the top line
of your error message was never \def'ed. If you have
misspelled it (e.g., `\hobx'), type `I' and the correct
spelling (e.g., `I\hbox'). Otherwise just continue,
and I'll forget about whatever was undefined.


Overfull \hbox (23.14987pt too wide) in paragraph at lines 37--37
 []\OT1/cmr/m/sc/10 Thai 
 []


Overfull \hbox (38.52757pt too wide) in paragraph at lines 37--37
 \OT1/cmr/m/sc/10 Nguyen 
 []

! Undefined control sequence.
<recently read> \large 
                       
l.39 \textsc{\large 22 avril 2025}
                                  \\[1cm]
The control sequence at the end of the top line
of your error message was never \def'ed. If you have
misspelled it (e.g., `\hobx'), type `I' and the correct
spelling (e.g., `I\hbox'). Otherwise just continue,
and I'll forget about whatever was undefined.


Overfull \hbox (11.05545pt too wide) in paragraph at lines 39--39
 []\OT1/cmr/m/sc/10 22 
 []


Overfull \hbox (25.55545pt too wide) in paragraph at lines 39--39
 \OT1/cmr/m/sc/10 avril 
 []


Overfull \hbox (22.1109pt too wide) in paragraph at lines 39--39
 \OT1/cmr/m/sc/10 2025 
 []


! LaTeX Error: \begin{document} ended by \end{titlepage}.

See the LaTeX manual or LaTeX Companion for explanation.
Type  H <return>  for immediate help.
 ...                                              
                                                  
l.43 \end{titlepage}
                    
Your command was ignored.
Type  I <command> <return>  to replace it with another command,
or  <return>  to continue without it.

)
! Emergency stop.
<*> TP-title.tex
                
*** (job aborted, no legal \end found)

 
Here is how much of TeX's memory you used:
 42 strings out of 476065
 627 string characters out of 5795021
 1851299 words of memory out of 5000000
 20547 multiletter control sequences out of 15000+600000
 513242 words of font info for 35 fonts, out of 8000000 for 9000
 1141 hyphenation exceptions out of 8191
 23i,3n,32p,138b,258s stack positions out of 10000i,1000n,20000p,200000b,200000s
!  ==> Fatal error occurred, no output PDF file produced!
